Wed Dec 05 22:55:25 2012  main. Starting
Wed Dec 05 22:55:25 2012 main. config: C:\Users\wangchunleird\openvpn-connect.json
Wed Dec 05 22:55:25 2012 TrayApp.main()
Wed Dec 05 22:55:25 2012 going to enter main UI event loop...
Wed Dec 05 22:55:25 2012 main. Extracting uiZip (if there) & starting polling
Wed Dec 05 22:55:25 2012 isFirstRun. path: C:\Users\wangchunleird\AppData\Roaming\PrivateTunnel\
Wed Dec 05 22:55:25 2012 Checking First Run.
Wed Dec 05 22:55:25 2012 isFirstRun. path: C:\Users\wangchunleird\AppData\Roaming\PrivateTunnel\
Wed Dec 05 22:55:25 2012 isFirstRun. readFileWarning: IOError(2, 'No such file or directory')
Wed Dec 05 22:55:25 2012 isFirstRun. writingVersionFile
Wed Dec 05 22:55:25 2012 isFirstRun. writeFileError: IOError(2, 'No such file or directory')
Wed Dec 05 22:55:25 2012 WindowsError(3, '')
Wed Dec 05 22:55:25 2012 main. Attempting To Remove Old Client...
Wed Dec 05 22:55:25 2012 main. Old Client Not Found...
Wed Dec 05 22:55:25 2012 removeHTMLNew. directoryNew: u'C:\\Users\\wangchunleird\\AppData\\Roaming\\PrivateTunnel\\html-new\\'
Wed Dec 05 22:55:25 2012 main. Loading App...
Wed Dec 05 22:55:25 2012 def loadPT
Wed Dec 05 22:55:26 2012 loadPt. alreadyRunning: False
Wed Dec 05 22:55:26 2012 USER_DEFINED_ICON_DIR: C:\Users\wangchunleird\openvpn-icons, ICON_DIR: C:\Program Files (x86)\OpenVPN Technologies\PrivateTunnel\client\images
Wed Dec 05 22:55:26 2012 icon_state: disconnected
Wed Dec 05 22:55:26 2012 icon state='disconnected' file='C:\\Program Files (x86)\\OpenVPN Technologies\\PrivateTunnel\\client\\images\\icon-disconnected.ico'
Wed Dec 05 22:55:26 2012 icon_state: connecting
Wed Dec 05 22:55:26 2012 icon state='connecting' file='C:\\Program Files (x86)\\OpenVPN Technologies\\PrivateTunnel\\client\\images\\icon-connecting.ico'
Wed Dec 05 22:55:26 2012 icon_state: connected
Wed Dec 05 22:55:26 2012 icon state='connected' file='C:\\Program Files (x86)\\OpenVPN Technologies\\PrivateTunnel\\client\\images\\icon-connected.ico'
Wed Dec 05 22:55:26 2012 icon_state: GET_CONFIG
Wed Dec 05 22:55:26 2012 icon state='GET_CONFIG' file='C:\\Program Files (x86)\\OpenVPN Technologies\\PrivateTunnel\\client\\images\\icon-get-config.ico'
Wed Dec 05 22:55:26 2012 icon_state: TCP_CONNECT
Wed Dec 05 22:55:26 2012 icon state='TCP_CONNECT' file='C:\\Program Files (x86)\\OpenVPN Technologies\\PrivateTunnel\\client\\images\\icon-tcp-connect.ico'
Wed Dec 05 22:55:26 2012 icon_state: RESOLVE
Wed Dec 05 22:55:26 2012 icon state='RESOLVE' file='C:\\Program Files (x86)\\OpenVPN Technologies\\PrivateTunnel\\client\\images\\icon-resolve.ico'
Wed Dec 05 22:55:26 2012 icon_state: RSA_SIGN
Wed Dec 05 22:55:26 2012 icon state='RSA_SIGN' file='C:\\Program Files (x86)\\OpenVPN Technologies\\PrivateTunnel\\client\\images\\icon-rsa-sign.ico'
Wed Dec 05 22:55:26 2012 icon_state: ADD_ROUTES
Wed Dec 05 22:55:26 2012 icon state='ADD_ROUTES' file='C:\\Program Files (x86)\\OpenVPN Technologies\\PrivateTunnel\\client\\images\\icon-add-routes.ico'
Wed Dec 05 22:55:26 2012 icon_state: ASSIGN_IP
Wed Dec 05 22:55:26 2012 icon state='ASSIGN_IP' file='C:\\Program Files (x86)\\OpenVPN Technologies\\PrivateTunnel\\client\\images\\icon-assign-ip.ico'
Wed Dec 05 22:55:26 2012 icon_state: RECONNECTING
Wed Dec 05 22:55:26 2012 icon state='RECONNECTING' file='C:\\Program Files (x86)\\OpenVPN Technologies\\PrivateTunnel\\client\\images\\icon-reconnecting.ico'
Wed Dec 05 22:55:26 2012 icon_state: AUTH
Wed Dec 05 22:55:26 2012 icon state='AUTH' file='C:\\Program Files (x86)\\OpenVPN Technologies\\PrivateTunnel\\client\\images\\icon-auth.ico'
Wed Dec 05 22:55:26 2012 icon_state: WAIT
Wed Dec 05 22:55:26 2012 icon state='WAIT' file='C:\\Program Files (x86)\\OpenVPN Technologies\\PrivateTunnel\\client\\images\\icon-wait.ico'
Wed Dec 05 22:55:26 2012 def set_focus
Wed Dec 05 22:55:26 2012 path: C:\Program Files (x86)\OpenVPN Technologies\PrivateTunnel\core\ovpntray.dll
Wed Dec 05 22:55:26 2012 trying to load DLL: C:\Program Files (x86)\OpenVPN Technologies\PrivateTunnel\core\ovpntray.dll
Wed Dec 05 22:55:26 2012 loaded resource DLL: 1832714240
Wed Dec 05 22:55:26 2012 main. friendlyServerName: 
Wed Dec 05 22:55:26 2012 entering reactor
Wed Dec 05 22:55:26 2012 run_client()
Wed Dec 05 22:55:26 2012 TrackActiveProfiles sid='sess_TrackActiveProfiles_2jcG4h8DwcgnsGB0_1'
Wed Dec 05 22:55:26 2012 checking if there are any updates...
Wed Dec 05 22:55:26 2012 no update available
Wed Dec 05 22:55:26 2012 >>>> {'timestamp': 1354719326, 'state': 'add_profile', 'profile_id': 'activation_privatetunnel_com_ca_qc_mon_001_privatetunnel_com_p7720', 'type': 'PROFILE'}
Wed Dec 05 22:55:26 2012 **** ADD PROFILE activation_privatetunnel_com_ca_qc_mon_001_privatetunnel_com_p7720
Wed Dec 05 22:55:26 2012 >>>> {'timestamp': 1354719326, 'state': 'add_profile', 'profile_id': 'activation_privatetunnel_com_ch_zur_001_privatetunnel_com_p6945', 'type': 'PROFILE'}
Wed Dec 05 22:55:26 2012 **** ADD PROFILE activation_privatetunnel_com_ch_zur_001_privatetunnel_com_p6945
Wed Dec 05 22:55:26 2012 >>>> {'timestamp': 1354719326, 'state': 'add_profile', 'profile_id': 'activation_privatetunnel_com_uk_ln_001_privatetunnel_com_autologin_p7439', 'type': 'PROFILE'}
Wed Dec 05 22:55:26 2012 **** ADD PROFILE activation_privatetunnel_com_uk_ln_001_privatetunnel_com_autologin_p7439
Wed Dec 05 22:55:26 2012 >>>> {'timestamp': 1354719326, 'state': 'add_profile', 'profile_id': 'activation_privatetunnel_com_us_ca_sj_001_privatetunnel_com_p3673', 'type': 'PROFILE'}
Wed Dec 05 22:55:26 2012 **** ADD PROFILE activation_privatetunnel_com_us_ca_sj_001_privatetunnel_com_p3673
Wed Dec 05 22:55:26 2012 >>>> {'timestamp': 1354719326, 'state': 'add_profile', 'profile_id': 'activation_privatetunnel_com_us_il_chi_001_privatetunnel_com_autologin_p9272', 'type': 'PROFILE'}
Wed Dec 05 22:55:26 2012 **** ADD PROFILE activation_privatetunnel_com_us_il_chi_001_privatetunnel_com_autologin_p9272
Wed Dec 05 22:55:26 2012 def on_add_profile
Wed Dec 05 22:55:26 2012 def on_add_profile
Wed Dec 05 22:55:26 2012 def on_add_profile
Wed Dec 05 22:55:26 2012 def on_add_profile
Wed Dec 05 22:55:26 2012 def on_add_profile
Wed Dec 05 22:59:30 2012 getUIVersion. filePath: u'C:\\Users\\wangchunleird\\AppData\\Roaming\\PrivateTunnel'
Wed Dec 05 22:59:30 2012 def OnCommand
Wed Dec 05 22:59:30 2012 def exit_
Wed Dec 05 22:59:31 2012 def exit
Wed Dec 05 22:59:31 2012 def OnDestroy
Wed Dec 05 22:59:31 2012 *** CLEANUP fast=False
Wed Dec 05 22:59:31 2012 TrayClient.disconnect True
Wed Dec 05 22:59:34 2012 Poll error: None: Connection lost.
